<?xml version="1.0" encoding="UTF-8"?><testsuite errors="1" failures="0" name="Busqueda de 3 productos" skipped="0" tests="1" time="3.22" timestamp="2022-08-10 06:22:58"><testcase name="Buscar 3 productos en falabella"><error message="invalid argument&#10;  (Session info: chrome=104.0.5112.81)&#10;Build info: version: '3.141.59', revision: 'e82be7d358', time: '2018-11-14T08:17:03'&#10;System info: host: 'RETRO-VICTUS', ip: '192.168.1.238', os.name: 'Windows 11', os.arch: 'amd64', os.version: '10.0', java.version: '1.8.0_333'&#10;Driver info: org.openqa.selenium.chrome.ChromeDriver&#10;Capabilities {acceptInsecureCerts: false, browserName: chrome, browserVersion: 104.0.5112.81, chrome: {chromedriverVersion: 104.0.5112.79 (3cf3e8c8a07d..., userDataDir: C:\Users\utpca\AppData\Loca...}, goog:chromeOptions: {debuggerAddress: localhost:51255}, javascriptEnabled: true, networkConnectionEnabled: false, pageLoadStrategy: normal, platform: WINDOWS, platformName: WINDOWS, proxy: Proxy(), setWindowRect: true, strictFileInteractability: false, timeouts: {implicit: 0, pageLoad: 300000, script: 30000}, unhandledPromptBehavior: dismiss and notify, webauthn:extension:credBlob: true, webauthn:extension:largeBlob: true, webauthn:virtualAuthenticators: true}&#10;Session ID: 4f5dd8ba5d44459b543a60b690d11bfa&#10;Build info: version: '3.141.59', revision: 'e82be7d358', time: '2018-11-14T08:17:03'&#10;System info: host: 'RETRO-VICTUS', ip: '192.168.1.238', os.name: 'Windows 11', os.arch: 'amd64', os.version: '10.0', java.version: '1.8.0_333'&#10;Driver info: driver.version: unknown" type="org.openqa.selenium.InvalidArgumentException">invalid argument
  (Session info: chrome=104.0.5112.81)
Build info: version: '3.141.59', revision: 'e82be7d358', time: '2018-11-14T08:17:03'
System info: host: 'RETRO-VICTUS', ip: '192.168.1.238', os.name: 'Windows 11', os.arch: 'amd64', os.version: '10.0', java.version: '1.8.0_333'
Driver info: org.openqa.selenium.chrome.ChromeDriver
Capabilities {acceptInsecureCerts: false, browserName: chrome, browserVersion: 104.0.5112.81, chrome: {chromedriverVersion: 104.0.5112.79 (3cf3e8c8a07d..., userDataDir: C:\Users\utpca\AppData\Loca...}, goog:chromeOptions: {debuggerAddress: localhost:51255}, javascriptEnabled: true, networkConnectionEnabled: false, pageLoadStrategy: normal, platform: WINDOWS, platformName: WINDOWS, proxy: Proxy(), setWindowRect: true, strictFileInteractability: false, timeouts: {implicit: 0, pageLoad: 300000, script: 30000}, unhandledPromptBehavior: dismiss and notify, webauthn:extension:credBlob: true, webauthn:extension:largeBlob: true, webauthn:virtualAuthenticators: true}
Session ID: 4f5dd8ba5d44459b543a60b690d11bfa
Build info: version: '3.141.59', revision: 'e82be7d358', time: '2018-11-14T08:17:03'
System info: host: 'RETRO-VICTUS', ip: '192.168.1.238', os.name: 'Windows 11', os.arch: 'amd64', os.version: '10.0', java.version: '1.8.0_333'
Driver info: driver.version: unknown</error><system-err>invalid argument
  (Session info: chrome=104.0.5112.81)
Build info: version: '3.141.59', revision: 'e82be7d358', time: '2018-11-14T08:17:03'
System info: host: 'RETRO-VICTUS', ip: '192.168.1.238', os.name: 'Windows 11', os.arch: 'amd64', os.version: '10.0', java.version: '1.8.0_333'
Driver info: org.openqa.selenium.chrome.ChromeDriver
Capabilities {acceptInsecureCerts: false, browserName: chrome, browserVersion: 104.0.5112.81, chrome: {chromedriverVersion: 104.0.5112.79 (3cf3e8c8a07d..., userDataDir: C:\Users\utpca\AppData\Loca...}, goog:chromeOptions: {debuggerAddress: localhost:51255}, javascriptEnabled: true, networkConnectionEnabled: false, pageLoadStrategy: normal, platform: WINDOWS, platformName: WINDOWS, proxy: Proxy(), setWindowRect: true, strictFileInteractability: false, timeouts: {implicit: 0, pageLoad: 300000, script: 30000}, unhandledPromptBehavior: dismiss and notify, webauthn:extension:credBlob: true, webauthn:extension:largeBlob: true, webauthn:virtualAuthenticators: true}
Session ID: 4f5dd8ba5d44459b543a60b690d11bfa
Build info: version: '3.141.59', revision: 'e82be7d358', time: '2018-11-14T08:17:03'
System info: host: 'RETRO-VICTUS', ip: '192.168.1.238', os.name: 'Windows 11', os.arch: 'amd64', os.version: '10.0', java.version: '1.8.0_333'
Driver info: driver.version: unknown&#13;
co.com.falabella.www.driver.DriverScreenplay.chromeDrive(DriverScreenplay.java:21)&#13;
co.com.falabella.www.stepDefinitions.BusquedaOutlineStepDefinition.queMeEncuentroEnLaPaginaDeFalabella(BusquedaOutlineStepDefinition.java:23)&#13;
✽.que me encuentro en la pagina de falabella(src/test/resources/co.com.falabella.www.features/BusquedaExcel.feature:5)&#13;
</system-err></testcase></testsuite>